<?xml version="1.0" encoding="UTF-8"?>
<!-- Generated by org.testng.reporters.JUnitXMLReporter -->
<testsuite hostname="DESKTOP-KHI0D76" ignored="0" name="Regression Test" tests="6" failures="0" timestamp="04 Jun 2021 20:32:08 GMT" time="0.116" errors="0">
  <testcase name="NavigateAndriod" time="0.02" classname="MavenJava.AppiumTest"/>
  <testcase name="NavigateIOS" time="0.0" classname="MavenJava.AppiumTest"/>
  <testcase name="BrowserAutomation" time="0.0" classname="MavenJava.SeleniumTest"/>
  <testcase name="elementsUI" time="0.001" classname="MavenJava.SeleniumTest"/>
  <testcase name="deleteTwitter" time="0.001" classname="MavenJava.RestAPITest"/>
  <testcase name="postJira" time="0.0" classname="MavenJava.RestAPITest"/>
</testsuite> <!-- Regression Test -->
