<?xml version="1.0" encoding="UTF-8"?>
<testng-results skipped="0" failed="0" ignored="0" total="4" passed="4">
  <reporter-output>
  </reporter-output>
  <suite name="Suite" duration-ms="107" started-at="2021-06-04T20:32:39Z" finished-at="2021-06-04T20:32:39Z">
    <groups>
    </groups>
    <test name="Smoke Test" duration-ms="107" started-at="2021-06-04T20:32:39Z" finished-at="2021-06-04T20:32:39Z">
      <class name="MavenJava.SeleniumTest">
        <test-method status="PASS" signature="BrowserAutomation()[pri:0, instance:MavenJava.SeleniumTest@78dd667e]" name="BrowserAutomation" duration-ms="13" started-at="2021-06-04T20:32:39Z" finished-at="2021-06-04T20:32:39Z">
          <reporter-output>
          </reporter-output>
        </test-method> <!-- BrowserAutomation -->
        <test-method status="PASS" signature="elementsUI()[pri:0, instance:MavenJava.SeleniumTest@78dd667e]" name="elementsUI" duration-ms="1" started-at="2021-06-04T20:32:39Z" finished-at="2021-06-04T20:32:39Z">
          <reporter-output>
          </reporter-output>
        </test-method> <!-- elementsUI -->
      </class> <!-- MavenJava.SeleniumTest -->
      <class name="MavenJava.RestAPITest">
        <test-method status="PASS" signature="deleteTwitter()[pri:0, instance:MavenJava.RestAPITest@10db82ae]" name="deleteTwitter" duration-ms="0" started-at="2021-06-04T20:32:39Z" finished-at="2021-06-04T20:32:39Z">
          <reporter-output>
          </reporter-output>
        </test-method> <!-- deleteTwitter -->
        <test-method status="PASS" signature="postJira()[pri:0, instance:MavenJava.RestAPITest@10db82ae]" name="postJira" duration-ms="1" started-at="2021-06-04T20:32:39Z" finished-at="2021-06-04T20:32:39Z">
          <reporter-output>
          </reporter-output>
        </test-method> <!-- postJira -->
      </class> <!-- MavenJava.RestAPITest -->
    </test> <!-- Smoke Test -->
  </suite> <!-- Suite -->
</testng-results>
